This is pdfeTeX, Version 3.141592-1.21a-2.2 (Web2C 7.5.4) (format=pdflatex 2006.11.5)  6 AUG 2012 12:53
entering extended mode
**\nonstopmode\input Main.tex
(./Main.tex (/usr/pubsw/lib/texmf/tex/latex/base/article.cls
Document Class: article 2004/02/16 v1.4f Standard LaTeX document class
(/usr/pubsw/lib/texmf/tex/latex/base/size12.clo
File: size12.clo 2004/02/16 v1.4f Standard LaTeX file (size option)
)
\c@part=\count79
\c@section=\count80
\c@subsection=\count81
\c@subsubsection=\count82
\c@paragraph=\count83
\c@subparagraph=\count84
\c@figure=\count85
\c@table=\count86
\abovecaptionskip=\skip41
\belowcaptionskip=\skip42
\bibindent=\dimen102
)
(/usr/pubsw/lib/texmf/tex/latex/preprint/fullpage.sty
Package: fullpage 1999/02/23 1.1 (PWD)
\FP@margin=\skip43
) (./Main.aux)
\openout1 = `Main.aux'.

LaTeX Font Info:    Checking defaults for OML/cmm/m/it on input line 3.
LaTeX Font Info:    ... okay on input line 3.
LaTeX Font Info:    Checking defaults for T1/cmr/m/n on input line 3.
LaTeX Font Info:    ... okay on input line 3.
LaTeX Font Info:    Checking defaults for OT1/cmr/m/n on input line 3.
LaTeX Font Info:    ... okay on input line 3.
LaTeX Font Info:    Checking defaults for OMS/cmsy/m/n on input line 3.
LaTeX Font Info:    ... okay on input line 3.
LaTeX Font Info:    Checking defaults for OMX/cmex/m/n on input line 3.
LaTeX Font Info:    ... okay on input line 3.
LaTeX Font Info:    Checking defaults for U/cmr/m/n on input line 3.
LaTeX Font Info:    ... okay on input line 3.
 [1

{/usr/pubsw/lib/texmf/fonts/map/pdftex/updmap/pdftex.map}]
LaTeX Font Info:    External font `cmex10' loaded for size
(Font)              <14.4> on input line 7.
LaTeX Font Info:    External font `cmex10' loaded for size
(Font)              <7> on input line 7.
 (./Intro.tex) [2] (./Main.aux) ) 
Here is how much of TeX's memory you used:
 241 strings out of 94500
 2637 string characters out of 1176114
 48348 words of memory out of 1000000
 3482 multiletter control sequences out of 10000+50000
 6103 words of font info for 22 fonts, out of 500000 for 2000
 580 hyphenation exceptions out of 1000
 22i,6n,19p,150b,187s stack positions out of 1500i,500n,5000p,200000b,5000s
PDF statistics:
 19 PDF objects out of 300000
 0 named destinations out of 131072
 1 words of extra memory for PDF output out of 65536
</usr/pubsw/lib/texmf/fonts/type1/bluesky/cm/c
mti12.pfb></usr/pubsw/lib/texmf/fonts/type1/bluesky/cm/cmbx12.pfb></usr/pubsw/l
ib/texmf/fonts/type1/bluesky/cm/cmr17.pfb></usr/pubsw/lib/texmf/fonts/type1/blu
esky/cm/cmr12.pfb>
Output written on Main.pdf (2 pages, 26117 bytes).
